<?xml version="1.0" encoding="UTF-8"?>
<testsuites>
  <testsuite name="Faker Test Suite" tests="8" assertions="23" errors="0" warnings="0" failures="0" skipped="0" time="0.020181">
    <testsuite name="Schalkt\Faker\Tests\FakerTest" file="/var/www/store_schalk/schalk.hu/www/public/projects/faker/tests/FakerTest.php" tests="8" assertions="23" errors="0" warnings="0" failures="0" skipped="0" time="0.020181">
      <testcase name="testWords" class="Schalkt\Faker\Tests\FakerTest" classname="Schalkt.Faker.Tests.FakerTest" file="/var/www/store_schalk/schalk.hu/www/public/projects/faker/tests/FakerTest.php" line="16" assertions="5" time="0.016348"/>
      <testcase name="testNumbers" class="Schalkt\Faker\Tests\FakerTest" classname="Schalkt.Faker.Tests.FakerTest" file="/var/www/store_schalk/schalk.hu/www/public/projects/faker/tests/FakerTest.php" line="65" assertions="3" time="0.000084"/>
      <testcase name="testOptions" class="Schalkt\Faker\Tests\FakerTest" classname="Schalkt.Faker.Tests.FakerTest" file="/var/www/store_schalk/schalk.hu/www/public/projects/faker/tests/FakerTest.php" line="87" assertions="5" time="0.001808"/>
      <testcase name="testFunnyNames" class="Schalkt\Faker\Tests\FakerTest" classname="Schalkt.Faker.Tests.FakerTest" file="/var/www/store_schalk/schalk.hu/www/public/projects/faker/tests/FakerTest.php" line="122" assertions="2" time="0.000860"/>
      <testcase name="testDoubles" class="Schalkt\Faker\Tests\FakerTest" classname="Schalkt.Faker.Tests.FakerTest" file="/var/www/store_schalk/schalk.hu/www/public/projects/faker/tests/FakerTest.php" line="148" assertions="2" time="0.000408"/>
      <testcase name="testEmails" class="Schalkt\Faker\Tests\FakerTest" classname="Schalkt.Faker.Tests.FakerTest" file="/var/www/store_schalk/schalk.hu/www/public/projects/faker/tests/FakerTest.php" line="173" assertions="4" time="0.000569"/>
      <testcase name="testChars" class="Schalkt\Faker\Tests\FakerTest" classname="Schalkt.Faker.Tests.FakerTest" file="/var/www/store_schalk/schalk.hu/www/public/projects/faker/tests/FakerTest.php" line="195" assertions="1" time="0.000050"/>
      <testcase name="testPasswords" class="Schalkt\Faker\Tests\FakerTest" classname="Schalkt.Faker.Tests.FakerTest" file="/var/www/store_schalk/schalk.hu/www/public/projects/faker/tests/FakerTest.php" line="211" assertions="1" time="0.000054"/>
    </testsuite>
  </testsuite>
</testsuites>
